<?xml version="1.0" encoding="UTF-8"?>
<!-- Generated by org.testng.reporters.JUnitXMLReporter -->
<testsuite hostname="LAPTOP-T4M2UU3N" ignored="6" name="Default test" tests="1" failures="0" timestamp="2022-04-15T15:39:04 IST" time="36.959" errors="0">
  <testcase name="visibleUsertab" time="0.451" classname="com.orangeHRM.TestClass.loginTest"/>
  <testcase name="visiblepasswordtab" time="0.0" classname="com.orangeHRM.TestClass.loginTest">
    <ignored/>
  </testcase> <!-- visiblepasswordtab -->
  <testcase name="visibleForgotTab" time="0.0" classname="com.orangeHRM.TestClass.loginTest">
    <ignored/>
  </testcase> <!-- visibleForgotTab -->
  <testcase name="visibleOrangHRMTab" time="0.0" classname="com.orangeHRM.TestClass.loginTest">
    <ignored/>
  </testcase> <!-- visibleOrangHRMTab -->
  <testcase name="visibleLoginTab" time="0.0" classname="com.orangeHRM.TestClass.loginTest">
    <ignored/>
  </testcase> <!-- visibleLoginTab -->
  <testcase name="logiFunctionality" time="0.0" classname="com.orangeHRM.TestClass.loginTest">
    <ignored/>
  </testcase> <!-- logiFunctionality -->
  <testcase name="forgotpassClickabl" time="0.0" classname="com.orangeHRM.TestClass.loginTest">
    <ignored/>
  </testcase> <!-- forgotpassClickabl -->
</testsuite> <!-- Default test -->
