<?xml version="1.0" encoding="UTF-8"?>
<!-- Generated by org.testng.reporters.JUnitXMLReporter -->
<testsuite hostname="LAPTOP-T4M2UU3N" ignored="2" name="Test" tests="9" failures="1" timestamp="2022-04-15T18:10:23 IST" time="33.273" errors="0">
  <testcase name="visibleUsertab" time="0.228" classname="com.orangeHRM.TestClass.loginTest"/>
  <testcase name="visiblepasswordtab" time="0.07" classname="com.orangeHRM.TestClass.loginTest"/>
  <testcase name="visibleLoginTab" time="0.042" classname="com.orangeHRM.TestClass.loginTest"/>
  <testcase name="visibleForgotTab" time="0.043" classname="com.orangeHRM.TestClass.loginTest"/>
  <testcase name="visibleOrangHRMTab" time="0.046" classname="com.orangeHRM.TestClass.loginTest"/>
  <testcase name="forgotpassClickabl" time="1.113" classname="com.orangeHRM.TestClass.loginTest"/>
  <testcase name="logiFunctionality" time="5.153" classname="com.orangeHRM.TestClass.loginTest">
    <failure type="java.lang.AssertionError" message="expected [://opensource-demo.orangehrmlive.com/index.php/dashboard] but found [https://opensource-demo.orangehrmlive.com/index.php/dashboard]">
      <![CDATA[java.lang.AssertionError: expected [://opensource-demo.orangehrmlive.com/index.php/dashboard] but found [https://opensource-demo.orangehrmlive.com/index.php/dashboard]
at com.orangeHRM.TestClass.loginTest.logiFunctionality(loginTest.java:78)
at java.util.ArrayList.forEach(Unknown Source)
... Removed 33 stack frames]]>
    </failure>
  </testcase> <!-- logiFunctionality -->
  <testcase name="clickablContactSale" time="8.808" classname="com.orangeHRM.TestClass.OrangeHRMTest"/>
  <testcase name="contactSaleInfo" time="6.118" classname="com.orangeHRM.TestClass.OrangeHRMTest"/>
  <testcase name="@BeforeTest setMethod" time="0.0" classname="com.orangeHRM.TestClass.BaseClass">
    <ignored/>
  </testcase> <!-- @BeforeTest setMethod -->
  <testcase name="@AfterTest TearDown" time="0.0" classname="com.orangeHRM.TestClass.BaseClass">
    <ignored/>
  </testcase> <!-- @AfterTest TearDown -->
</testsuite> <!-- Test -->
